Arguments: 
  /usr/bin/nodejs /usr/bin/yarn install

PATH: 
  /home/hoang/bin:/home/hoang/.local/bin:/usr/local/sbin:/usr/local/bin:/usr/sbin:/usr/bin:/sbin:/bin:/usr/games:/usr/local/games:/snap/bin:/home/hoang/Downloads/sdk/tools:/home/hoang/Downloads/sdk/platform-tools

Yarn version: 
  0.27.5

Node version: 
  6.11.2

Platform: 
  linux x64

npm manifest: 
  {
    "name": "3dmaps",
    "version": "0.0.0",
    "description": "Hello Expo!",
    "author": null,
    "private": true,
    "main": "main.js",
    "dependencies": {
      "@expo/vector-icons": "^5.0.0",
      "axios": "^0.16.2",
      "class-autobind": "^0.1.4",
      "expo": "17.0.0",
      "i18n-js": "^1.0.0",
      "lodash": "^4.17.4",
      "lodash.debounce": "4.0.8",
      "moment": "^2.18.1",
      "native-base": "^2.3.0",
      "react": "16.0.0-alpha.6",
      "react-addons-shallow-compare": "15.5.2",
      "react-native": "https://github.com/expo/react-native/archive/sdk-17.0.0.tar.gz",
      "react-native-elevated-view": "0.0.4",
      "react-native-i18n": "^2.0.2",
      "react-native-image-progress": "^1.0.1",
      "react-native-progress": "^3.3.0",
      "react-native-router-flux": "^4.0.0-beta.7",
      "react-native-star-rating": "^1.0.7",
      "react-native-star-rating-view": "0.0.9",
      "react-native-stars-rating": "^0.1.6",
      "react-native-swipe-a-lot": "^0.2.1",
      "react-native-tab-navigator": "^0.3.3",
      "react-native-tab-view": "0.0.67",
      "react-native-timeago": "^0.3.0",
      "react-native-webview-autoheight": "^1.0.4",
      "react-redux": "^5.0.5",
      "react-static-container": "^1.0.1",
      "react-timer-mixin": "^0.13.3",
      "redux": "^3.6.0",
      "redux-saga": "^0.15.3",
      "sentry-expo": "^1.6.0",
      "shortid": "^2.2.8",
      "warning": "^3.0.0"
    },
    "devDependencies": {
      "babel-eslint": "^6.1.2",
      "babel-jest": "20.0.3",
      "babel-plugin-transform-class-properties": "^6.24.1",
      "babel-preset-react-native": "1.9.2",
      "eslint": "^3.19.0",
      "eslint-config-airbnb": "^15.0.2",
      "eslint-plugin-import": "^2.2.0",
      "eslint-plugin-jsx-a11y": "^5.0.1",
      "eslint-plugin-react": "^7.0.1",
      "jest": "20.0.4",
      "react-test-renderer": "16.0.0-alpha.6"
    }
  }

yarn manifest: 
  No manifest

Lockfile: 
  No lockfile

Trace: 
  Error: getaddrinfo EAI_AGAIN registry.yarnpkg.com:443
      at Object.exports._errnoException (util.js:1020:11)
      at errnoException (dns.js:33:15)
      at GetAddrInfoReqWrap.onlookup [as oncomplete] (dns.js:76:26)
